/eos/uscms/store/group/lpchbb/LLDJntuples/2017_LLDJ_V2p0/DYJetsToLL_M-50_TuneCP5_13TeV-amcatnloFXFX-pythia8
/eos/uscms/store/group/lpchbb/LLDJntuples/2017_LLDJ_V2p0/DoubleEG
/eos/uscms/store/group/lpchbb/LLDJntuples/2017_LLDJ_V2p0/DoubleMuon
/eos/uscms/store/group/lpchbb/LLDJntuples/2017_LLDJ_V2p0/MuonEG
/eos/uscms/store/group/lpchbb/LLDJntuples/2017_LLDJ_V2p0/QCD_HT1000to1500_TuneCP5_13TeV-madgraph-pythia8
/eos/uscms/store/group/lpchbb/LLDJntuples/2017_LLDJ_V2p0/QCD_HT100to200_TuneCP5_13TeV-madgraph-pythia8
/eos/uscms/store/group/lpchbb/LLDJntuples/2017_LLDJ_V2p0/QCD_HT1500to2000_TuneCP5_13TeV-madgraph-pythia8
/eos/uscms/store/group/lpchbb/LLDJntuples/2017_LLDJ_V2p0/QCD_HT2000toInf_TuneCP5_13TeV-madgraph-pythia8
/eos/uscms/store/group/lpchbb/LLDJntuples/2017_LLDJ_V2p0/QCD_HT200to300_TuneCP5_13TeV-madgraph-pythia8
/eos/uscms/store/group/lpchbb/LLDJntuples/2017_LLDJ_V2p0/QCD_HT300to500_TuneCP5_13TeV-madgraph-pythia8
/eos/uscms/store/group/lpchbb/LLDJntuples/2017_LLDJ_V2p0/QCD_HT500to700_TuneCP5_13TeV-madgraph-pythia8
/eos/uscms/store/group/lpchbb/LLDJntuples/2017_LLDJ_V2p0/QCD_HT50to100_TuneCP5_13TeV-madgraphMLM-pythia8
/eos/uscms/store/group/lpchbb/LLDJntuples/2017_LLDJ_V2p0/QCD_HT700to1000_TuneCP5_13TeV-madgraph-pythia8
/eos/uscms/store/group/lpchbb/LLDJntuples/2017_LLDJ_V2p0/ST_s-channel_4f_leptonDecays_TuneCP5_PSweights_13TeV-amcatnlo-pythia8
/eos/uscms/store/group/lpchbb/LLDJntuples/2017_LLDJ_V2p0/ST_t-channel_antitop_4f_InclusiveDecays_TuneCP5_PSweights_13TeV-powheg-pythia8
/eos/uscms/store/group/lpchbb/LLDJntuples/2017_LLDJ_V2p0/ST_t-channel_top_4f_InclusiveDecays_TuneCP5_PSweights_13TeV-powheg-pythia8
/eos/uscms/store/group/lpchbb/LLDJntuples/2017_LLDJ_V2p0/ST_tW_antitop_5f_NoFullyHadronicDecays_TuneCP5_PSweights_13TeV-powheg-pythia8
/eos/uscms/store/group/lpchbb/LLDJntuples/2017_LLDJ_V2p0/ST_tW_top_5f_NoFullyHadronicDecays_TuneCP5_PSweights_13TeV-powheg-pythia8
/eos/uscms/store/group/lpchbb/LLDJntuples/2017_LLDJ_V2p0/WGToLNuG_TuneCP5_13TeV-madgraphMLM-pythia8
/eos/uscms/store/group/lpchbb/LLDJntuples/2017_LLDJ_V2p0/WJetsToLNu_TuneCP5_13TeV-madgraphMLM-pythia8
/eos/uscms/store/group/lpchbb/LLDJntuples/2017_LLDJ_V2p0/WW_TuneCP5_13TeV-pythia8
/eos/uscms/store/group/lpchbb/LLDJntuples/2017_LLDJ_V2p0/WZ_TuneCP5_13TeV-pythia8
/eos/uscms/store/group/lpchbb/LLDJntuples/2017_LLDJ_V2p0/ZGToLLG_01J_5f_TuneCP5_13TeV-amcatnloFXFX-pythia8
/eos/uscms/store/group/lpchbb/LLDJntuples/2017_LLDJ_V2p0/ZH_HToBB_ZToLL_M125_13TeV_powheg_pythia8
/eos/uscms/store/group/lpchbb/LLDJntuples/2017_LLDJ_V2p0/ZH_HToSSTobbbb_ZToLL_MH-125_TuneCP5_13TeV-powheg-pythia8
/eos/uscms/store/group/lpchbb/LLDJntuples/2017_LLDJ_V2p0/ZH_HToSSTodddd_ZToLL_MH-125_TuneCP5_13TeV-powheg-pythia8
/eos/uscms/store/group/lpchbb/LLDJntuples/2017_LLDJ_V2p0/ZZ_TuneCP5_13TeV-pythia8
/eos/uscms/store/group/lpchbb/LLDJntuples/2017_LLDJ_V2p0/ggZH_HToBB_ZToLL_M125_13TeV_powheg_pythia8
/eos/uscms/store/group/lpchbb/LLDJntuples/2017_LLDJ_V2p0/ggZH_HToSSTo4Tau_ZToLL_MH-125_TuneCP5_13TeV-powheg-pythia8
/eos/uscms/store/group/lpchbb/LLDJntuples/2017_LLDJ_V2p0/ggZH_HToSSTobbbb_ZToLL_MH-125_TuneCP5_13TeV-powheg-pythia8
/eos/uscms/store/group/lpchbb/LLDJntuples/2017_LLDJ_V2p0/ggZH_HToSSTodddd_ZToLL_MH-125_TuneCP5_13TeV-powheg-pythia8
