/eos/uscms/store/group/lpchbb/LLDJntuples/2017lldj_NoJEC/DYJetsToLL_M-50_TuneCP5_13TeV-amcatnloFXFX-pythia8
/eos/uscms/store/group/lpchbb/LLDJntuples/2017lldj_NoJEC/DoubleEG
/eos/uscms/store/group/lpchbb/LLDJntuples/2017lldj_NoJEC/DoubleMuon
/eos/uscms/store/group/lpchbb/LLDJntuples/2017lldj_NoJEC/MuonEG
/eos/uscms/store/group/lpchbb/LLDJntuples/2017lldj_NoJEC/QCD_HT100to200_TuneCP5_13TeV-madgraph-pythia8
/eos/uscms/store/group/lpchbb/LLDJntuples/2017lldj_NoJEC/QCD_HT1500to2000_TuneCP5_13TeV-madgraph-pythia8
/eos/uscms/store/group/lpchbb/LLDJntuples/2017lldj_NoJEC/QCD_HT2000toInf_TuneCP5_13TeV-madgraph-pythia8
/eos/uscms/store/group/lpchbb/LLDJntuples/2017lldj_NoJEC/QCD_HT200to300_TuneCP5_13TeV-madgraph-pythia8
/eos/uscms/store/group/lpchbb/LLDJntuples/2017lldj_NoJEC/QCD_HT300to500_TuneCP5_13TeV-madgraph-pythia8
/eos/uscms/store/group/lpchbb/LLDJntuples/2017lldj_NoJEC/QCD_HT500to700_TuneCP5_13TeV-madgraph-pythia8
/eos/uscms/store/group/lpchbb/LLDJntuples/2017lldj_NoJEC/QCD_HT50to100_TuneCP5_13TeV-madgraphMLM-pythia8
/eos/uscms/store/group/lpchbb/LLDJntuples/2017lldj_NoJEC/QCD_HT700to1000_TuneCP5_13TeV-madgraph-pythia8
/eos/uscms/store/group/lpchbb/LLDJntuples/2017lldj_NoJEC/ST_s-channel_4f_leptonDecays_TuneCP5_PSweights_13TeV-amcatnlo-pythia8
/eos/uscms/store/group/lpchbb/LLDJntuples/2017lldj_NoJEC/ST_t-channel_antitop_4f_InclusiveDecays_TuneCP5_PSweights_13TeV-powheg-pythia8
/eos/uscms/store/group/lpchbb/LLDJntuples/2017lldj_NoJEC/ST_t-channel_top_4f_InclusiveDecays_TuneCP5_PSweights_13TeV-powheg-pythia8
/eos/uscms/store/group/lpchbb/LLDJntuples/2017lldj_NoJEC/ST_tW_antitop_5f_NoFullyHadronicDecays_TuneCP5_PSweights_13TeV-powheg-pythia8
/eos/uscms/store/group/lpchbb/LLDJntuples/2017lldj_NoJEC/ST_tW_top_5f_NoFullyHadronicDecays_TuneCP5_PSweights_13TeV-powheg-pythia8
/eos/uscms/store/group/lpchbb/LLDJntuples/2017lldj_NoJEC/TTJets_DiLept_TuneCP5_13TeV-madgraphMLM-pythia8
/eos/uscms/store/group/lpchbb/LLDJntuples/2017lldj_NoJEC/TTJets_TuneCP5_13TeV-amcatnloFXFX-pythia8
/eos/uscms/store/group/lpchbb/LLDJntuples/2017lldj_NoJEC/WGToLNuG_TuneCP5_13TeV-madgraphMLM-pythia8
/eos/uscms/store/group/lpchbb/LLDJntuples/2017lldj_NoJEC/WJetsToLNu_TuneCP5_13TeV-madgraphMLM-pythia8
/eos/uscms/store/group/lpchbb/LLDJntuples/2017lldj_NoJEC/WW_TuneCP5_13TeV-pythia8
/eos/uscms/store/group/lpchbb/LLDJntuples/2017lldj_NoJEC/WZ_TuneCP5_13TeV-pythia8
/eos/uscms/store/group/lpchbb/LLDJntuples/2017lldj_NoJEC/WminusH_HToBB_WToLNu_M125_13TeV_powheg_pythia8
/eos/uscms/store/group/lpchbb/LLDJntuples/2017lldj_NoJEC/WplusH_HToBB_WToLNu_M125_13TeV_powheg_pythia8
/eos/uscms/store/group/lpchbb/LLDJntuples/2017lldj_NoJEC/ZGToLLG_01J_5f_TuneCP5_13TeV-amcatnloFXFX-pythia8
/eos/uscms/store/group/lpchbb/LLDJntuples/2017lldj_NoJEC/ZH_HToBB_ZToLL_M125_13TeV_powheg_pythia8
/eos/uscms/store/group/lpchbb/LLDJntuples/2017lldj_NoJEC/ZZ_TuneCP5_13TeV-pythia8
/eos/uscms/store/group/lpchbb/LLDJntuples/2017lldj_NoJEC/ggZH_HToBB_ZToLL_M125_13TeV_powheg_pythia8
